Using pre-set license
Built from '2020.3/release' branch; Version is '2020.3.2f1 (8fd9074bf66c) revision 9427207'; Using compiler version '192528614'; Build Type 'Release'
OS: 'Windows 10 Pro; OS build 19042.1348; Version 2009; 64bit' Language: 'fr' Physical Memory: 32671 MB
BatchMode: 1, IsHumanControllingUs: 0, StartBugReporterOnCrash: 0, Is64bit: 1, IsPro: 0

 COMMAND LINE ARGUMENTS:
C:\Program Files\2020.3.2f1\Editor\Unity.exe
-adb2
-batchMode
-noUpm
-name
AssetImportWorker0
-projectPath
C:/Users/morda/Documents/GitHub/ProjetGevaudan
-logFile
Logs/AssetImportWorker0.log
-srvPort
49643
Successfully changed project path to: C:/Users/morda/Documents/GitHub/ProjetGevaudan
C:/Users/morda/Documents/GitHub/ProjetGevaudan
Using Asset Import Pipeline V2.
Refreshing native plugins compatible for Editor in 39.36 ms, found 0 plugins.
Preloading 0 native plugins for Editor in 0.00 ms.
Initialize engine version: 2020.3.2f1 (8fd9074bf66c)
[Subsystems] Discovering subsystems at path C:/Program Files/2020.3.2f1/Editor/Data/Resources/UnitySubsystems
[Subsystems] Discovering subsystems at path C:/Users/morda/Documents/GitHub/ProjetGevaudan/Assets
GfxDevice: creating device client; threaded=0
Direct3D:
    Version:  Direct3D 11.0 [level 11.1]
    Renderer: NVIDIA GeForce RTX 3070 (ID=0x2484)
    Vendor:   
    VRAM:     8043 MB
    Driver:   30.0.14.7111
Shader 'Universal Render Pipeline/Particles/Lit': fallback shader 'Universal Render Pipeline/Particles/SimpleLit' not found
Initialize mono
Mono path[0] = 'C:/Program Files/2020.3.2f1/Editor/Data/Managed'
Mono path[1] = 'C:/Program Files/2020.3.2f1/Editor/Data/MonoBleedingEdge/lib/mono/unityjit'
Mono config path = 'C:/Program Files/2020.3.2f1/Editor/Data/MonoBleedingEdge/etc'
Using monoOptions --debugger-agent=transport=dt_socket,embedding=1,server=y,suspend=n,address=127.0.0.1:56004
Begin MonoManager ReloadAssembly
Registering precompiled unity dll's ...
Register platform support module: C:/Program Files/2020.3.2f1/Editor/Data/PlaybackEngines/WindowsStandaloneSupport/UnityEditor.WindowsStandalone.Extensions.dll
Registered in 0.002592 seconds.
Native extension for WindowsStandalone target not found
Refreshing native plugins compatible for Editor in 38.39 ms, found 0 plugins.
Preloading 0 native plugins for Editor in 0.00 ms.
Invoked RoslynAnalysisRunner static constructor.
RoslynAnalysisRunner will not be running.
RoslynAnalysisRunner has terminated.
Mono: successfully reloaded assembly
- Completed reload, in  1.629 seconds
Platform modules already initialized, skipping
Registering precompiled user dll's ...
Registered in 0.001745 seconds.
Begin MonoManager ReloadAssembly
Native extension for WindowsStandalone target not found
Refreshing native plugins compatible for Editor in 40.18 ms, found 0 plugins.
Preloading 0 native plugins for Editor in 0.00 ms.
Invoked RoslynAnalysisRunner static constructor.
RoslynAnalysisRunner will not be running.
RoslynAnalysisRunner has terminated.
Mono: successfully reloaded assembly
- Completed reload, in  0.799 seconds
Platform modules already initialized, skipping
========================================================================
Worker process is ready to serve import requests
Shader 'Universal Render Pipeline/Particles/Lit': fallback shader 'Universal Render Pipeline/Particles/SimpleLit' not found
Launched and connected shader compiler UnityShaderCompiler.exe after 0.05 seconds
Refreshing native plugins compatible for Editor in 0.44 ms, found 0 plugins.
Preloading 0 native plugins for Editor in 0.00 ms.
Unloading 2470 Unused Serialized files (Serialized files now loaded: 0)
System memory in use before: 117.5 MB.
System memory in use after: 117.6 MB.

Unloading 11 unused Assets to reduce memory usage. Loaded Objects now: 2918.
Total: 2.062700 ms (FindLiveObjects: 0.284000 ms CreateObjectMapping: 0.068600 ms MarkObjects: 1.621600 ms  DeleteObjects: 0.087300 ms)

========================================================================
Received Import Request.
  path: Assets/Scenes/GamePlay.unity
  artifactKey: Guid(7422830bfffa08d49bcb259e6b304f73) Importer(815301076,1909f56bfc062723c751e8b465ee728b)
Start importing Assets/Scenes/GamePlay.unity using Guid(7422830bfffa08d49bcb259e6b304f73) Importer(815301076,1909f56bfc062723c751e8b465ee728b)  -> (artifact id: 'b65cb1c1a4b1feda2eb2319dbd14e540') in 0.012739 seconds
  Import took 0.016258 seconds .

========================================================================
Received Import Request.
  Time since last request: 29.433452 seconds.
  path: Assets/Material/Menu
  artifactKey: Guid(1d7f9cbad33b0984d90448966a96b8ff) Importer(815301076,1909f56bfc062723c751e8b465ee728b)
Start importing Assets/Material/Menu using Guid(1d7f9cbad33b0984d90448966a96b8ff) Importer(815301076,1909f56bfc062723c751e8b465ee728b)  -> (artifact id: '8e04367f8d3cfbbbe3cabc558f9cf365') in 0.004700 seconds
  Import took 0.008339 seconds .

========================================================================
Received Import Request.
  Time since last request: 9.017928 seconds.
  path: Assets/Material/Menu/Porte_occlusion.bmp
  artifactKey: Guid(347631cdfe6483d47a68123850da5b50) Importer(815301076,1909f56bfc062723c751e8b465ee728b)
Start importing Assets/Material/Menu/Porte_occlusion.bmp using Guid(347631cdfe6483d47a68123850da5b50) Importer(815301076,1909f56bfc062723c751e8b465ee728b)  -> (artifact id: 'e26c6b46a48df095b56e8b134d4c680f') in 0.139132 seconds
  Import took 0.142840 seconds .

========================================================================
Received Import Request.
  Time since last request: 172.576219 seconds.
  path: Assets/Material/Enigme3
  artifactKey: Guid(d2e3045f70bf2524a801848a5651b3f4) Importer(815301076,1909f56bfc062723c751e8b465ee728b)
Start importing Assets/Material/Enigme3 using Guid(d2e3045f70bf2524a801848a5651b3f4) Importer(815301076,1909f56bfc062723c751e8b465ee728b)  -> (artifact id: 'd5bc792ded2d48d4fc08543558ae7f72') in 0.006540 seconds
  Import took 0.010754 seconds .

========================================================================
Received Import Request.
  Time since last request: 67.573557 seconds.
  path: Assets/Material/Enigme3/Meuble
  artifactKey: Guid(9f71720f0246f414daafe330185b55d9) Importer(815301076,1909f56bfc062723c751e8b465ee728b)
Start importing Assets/Material/Enigme3/Meuble using Guid(9f71720f0246f414daafe330185b55d9) Importer(815301076,1909f56bfc062723c751e8b465ee728b)  -> (artifact id: '8558fe0140ba9aede8b206ad79389657') in 0.004736 seconds
  Import took 0.008300 seconds .

========================================================================
Received Import Request.
  Time since last request: 2028.821531 seconds.
  path: Assets/Material/Enigme3/Cryptext
  artifactKey: Guid(91ff9d7df67c9b447b174dc01892562a) Importer(815301076,1909f56bfc062723c751e8b465ee728b)
Start importing Assets/Material/Enigme3/Cryptext using Guid(91ff9d7df67c9b447b174dc01892562a) Importer(815301076,1909f56bfc062723c751e8b465ee728b)  -> (artifact id: '3e928662ddd1359646653aa401382535') in 0.004756 seconds
  Import took 0.008769 seconds .

========================================================================
Received Import Request.
  Time since last request: 0.001786 seconds.
  path: Assets/Material/Enigme3/Cryptext
  artifactKey: Guid(91ff9d7df67c9b447b174dc01892562a) Importer(815301076,1909f56bfc062723c751e8b465ee728b)
Start importing Assets/Material/Enigme3/Cryptext using Guid(91ff9d7df67c9b447b174dc01892562a) Importer(815301076,1909f56bfc062723c751e8b465ee728b)  -> (artifact id: '3e928662ddd1359646653aa401382535') in 0.003941 seconds
  Import took 0.007410 seconds .

========================================================================
Received Import Request.
  Time since last request: 3.992502 seconds.
  path: Assets/Material/Enigme3/Cryptext 1
  artifactKey: Guid(72f1fa86f0d0cd84f8dd9c684417e82d) Importer(815301076,1909f56bfc062723c751e8b465ee728b)
Start importing Assets/Material/Enigme3/Cryptext 1 using Guid(72f1fa86f0d0cd84f8dd9c684417e82d) Importer(815301076,1909f56bfc062723c751e8b465ee728b)  -> (artifact id: '1b6923c94f642aa47fa902ed07413a71') in 0.004811 seconds
  Import took 0.008502 seconds .

========================================================================
Received Import Request.
  Time since last request: 0.002678 seconds.
  path: Assets/Material/Enigme3/Cryptext 1
  artifactKey: Guid(72f1fa86f0d0cd84f8dd9c684417e82d) Importer(815301076,1909f56bfc062723c751e8b465ee728b)
Start importing Assets/Material/Enigme3/Cryptext 1 using Guid(72f1fa86f0d0cd84f8dd9c684417e82d) Importer(815301076,1909f56bfc062723c751e8b465ee728b)  -> (artifact id: '1b6923c94f642aa47fa902ed07413a71') in 0.004116 seconds
  Import took 0.007830 seconds .

========================================================================
Received Import Request.
  Time since last request: 3.759679 seconds.
  path: Assets/Material/Enigme3/Croix
  artifactKey: Guid(72f1fa86f0d0cd84f8dd9c684417e82d) Importer(815301076,1909f56bfc062723c751e8b465ee728b)
Start importing Assets/Material/Enigme3/Croix using Guid(72f1fa86f0d0cd84f8dd9c684417e82d) Importer(815301076,1909f56bfc062723c751e8b465ee728b)  -> (artifact id: 'a58d99129219f080a30a9bcd8b9abade') in 0.004778 seconds
  Import took 0.008485 seconds .

========================================================================
Received Import Request.
  Time since last request: 0.889688 seconds.
  path: Assets/Material/Enigme3/Croix 1
  artifactKey: Guid(ac8d01bda22c02745add0541b29eed25) Importer(815301076,1909f56bfc062723c751e8b465ee728b)
Start importing Assets/Material/Enigme3/Croix 1 using Guid(ac8d01bda22c02745add0541b29eed25) Importer(815301076,1909f56bfc062723c751e8b465ee728b)  -> (artifact id: '61755f4fbd5028879eb1f2bca4a3c275') in 0.004865 seconds
  Import took 0.008477 seconds .

========================================================================
Received Import Request.
  Time since last request: 5.842319 seconds.
  path: Assets/Material/Enigme3/CoffreFort
  artifactKey: Guid(ac8d01bda22c02745add0541b29eed25) Importer(815301076,1909f56bfc062723c751e8b465ee728b)
Start importing Assets/Material/Enigme3/CoffreFort using Guid(ac8d01bda22c02745add0541b29eed25) Importer(815301076,1909f56bfc062723c751e8b465ee728b)  -> (artifact id: 'b68e2670f67bf2e419fb80d1d4adcaf9') in 0.006022 seconds
  Import took 0.009708 seconds .

