Using pre-set license
Built from '2020.3/release' branch; Version is '2020.3.2f1 (8fd9074bf66c) revision 9427207'; Using compiler version '192528614'; Build Type 'Release'
OS: 'Windows 10 Pro; OS build 19042.1348; Version 2009; 64bit' Language: 'fr' Physical Memory: 32671 MB
BatchMode: 1, IsHumanControllingUs: 0, StartBugReporterOnCrash: 0, Is64bit: 1, IsPro: 0

 COMMAND LINE ARGUMENTS:
C:\Program Files\2020.3.2f1\Editor\Unity.exe
-adb2
-batchMode
-noUpm
-name
AssetImportWorker0
-projectPath
C:/Users/morda/Documents/GitHub/ProjetGevaudan
-logFile
Logs/AssetImportWorker0.log
-srvPort
58807
Successfully changed project path to: C:/Users/morda/Documents/GitHub/ProjetGevaudan
C:/Users/morda/Documents/GitHub/ProjetGevaudan
Using Asset Import Pipeline V2.
Refreshing native plugins compatible for Editor in 40.45 ms, found 0 plugins.
Preloading 0 native plugins for Editor in 0.00 ms.
Initialize engine version: 2020.3.2f1 (8fd9074bf66c)
[Subsystems] Discovering subsystems at path C:/Program Files/2020.3.2f1/Editor/Data/Resources/UnitySubsystems
[Subsystems] Discovering subsystems at path C:/Users/morda/Documents/GitHub/ProjetGevaudan/Assets
GfxDevice: creating device client; threaded=0
Direct3D:
    Version:  Direct3D 11.0 [level 11.1]
    Renderer: NVIDIA GeForce RTX 3070 (ID=0x2484)
    Vendor:   
    VRAM:     8043 MB
    Driver:   30.0.14.7111
Shader 'Universal Render Pipeline/Particles/Lit': fallback shader 'Universal Render Pipeline/Particles/SimpleLit' not found
Initialize mono
Mono path[0] = 'C:/Program Files/2020.3.2f1/Editor/Data/Managed'
Mono path[1] = 'C:/Program Files/2020.3.2f1/Editor/Data/MonoBleedingEdge/lib/mono/unityjit'
Mono config path = 'C:/Program Files/2020.3.2f1/Editor/Data/MonoBleedingEdge/etc'
Using monoOptions --debugger-agent=transport=dt_socket,embedding=1,server=y,suspend=n,address=127.0.0.1:56932
Begin MonoManager ReloadAssembly
Registering precompiled unity dll's ...
Register platform support module: C:/Program Files/2020.3.2f1/Editor/Data/PlaybackEngines/WindowsStandaloneSupport/UnityEditor.WindowsStandalone.Extensions.dll
Registered in 0.002233 seconds.
Native extension for WindowsStandalone target not found
Refreshing native plugins compatible for Editor in 42.10 ms, found 0 plugins.
Preloading 0 native plugins for Editor in 0.00 ms.
Invoked RoslynAnalysisRunner static constructor.
RoslynAnalysisRunner will not be running.
RoslynAnalysisRunner has terminated.
Mono: successfully reloaded assembly
- Completed reload, in  1.706 seconds
Platform modules already initialized, skipping
Registering precompiled user dll's ...
Registered in 0.001767 seconds.
Begin MonoManager ReloadAssembly
Native extension for WindowsStandalone target not found
Refreshing native plugins compatible for Editor in 42.67 ms, found 0 plugins.
Preloading 0 native plugins for Editor in 0.00 ms.
Invoked RoslynAnalysisRunner static constructor.
RoslynAnalysisRunner will not be running.
RoslynAnalysisRunner has terminated.
Mono: successfully reloaded assembly
- Completed reload, in  0.821 seconds
Platform modules already initialized, skipping
========================================================================
Worker process is ready to serve import requests
Shader 'Universal Render Pipeline/Particles/Lit': fallback shader 'Universal Render Pipeline/Particles/SimpleLit' not found
Launched and connected shader compiler UnityShaderCompiler.exe after 0.06 seconds
Refreshing native plugins compatible for Editor in 0.59 ms, found 0 plugins.
Preloading 0 native plugins for Editor in 0.00 ms.
Unloading 2475 Unused Serialized files (Serialized files now loaded: 0)
System memory in use before: 118.4 MB.
System memory in use after: 118.6 MB.

Unloading 11 unused Assets to reduce memory usage. Loaded Objects now: 2923.
Total: 2.057800 ms (FindLiveObjects: 0.311900 ms CreateObjectMapping: 0.074800 ms MarkObjects: 1.593600 ms  DeleteObjects: 0.076500 ms)

========================================================================
Received Import Request.
  path: Assets/Import/UI/LogoJeu.png
  artifactKey: Guid(666e4fecb90242b44be28d276a026e9e) Importer(815301076,1909f56bfc062723c751e8b465ee728b)
Start importing Assets/Import/UI/LogoJeu.png using Guid(666e4fecb90242b44be28d276a026e9e) Importer(815301076,1909f56bfc062723c751e8b465ee728b)  -> (artifact id: '190c21d13b424e7e0fb151a467dec358') in 0.089469 seconds
  Import took 0.093608 seconds .

========================================================================
Received Import Request.
  Time since last request: 57.045054 seconds.
  path: Assets/Import/UI/LogoJeuUnity.png
  artifactKey: Guid(704039ccffb73c04eb1d9a4e6d6e61f7) Importer(815301076,1909f56bfc062723c751e8b465ee728b)
Start importing Assets/Import/UI/LogoJeuUnity.png using Guid(704039ccffb73c04eb1d9a4e6d6e61f7) Importer(815301076,1909f56bfc062723c751e8b465ee728b)  -> (artifact id: '08d03c0285cfa56f15087c7c922ad6d4') in 0.047671 seconds
  Import took 0.052117 seconds .

========================================================================
Received Import Request.
  Time since last request: 0.001785 seconds.
  path: Assets/Import/UI/LogoJeuUnity.png
  artifactKey: Guid(704039ccffb73c04eb1d9a4e6d6e61f7) Importer(815301076,1909f56bfc062723c751e8b465ee728b)
Start importing Assets/Import/UI/LogoJeuUnity.png using Guid(704039ccffb73c04eb1d9a4e6d6e61f7) Importer(815301076,1909f56bfc062723c751e8b465ee728b)  -> (artifact id: '08d03c0285cfa56f15087c7c922ad6d4') in 0.020321 seconds
  Import took 0.024057 seconds .

========================================================================
Received Import Request.
  Time since last request: 52.231305 seconds.
  path: Assets/Import/UI/LogoJeuUnity 1.png
  artifactKey: Guid(7584bcb4ef618d1498cb95d76a44b634) Importer(815301076,1909f56bfc062723c751e8b465ee728b)
Start importing Assets/Import/UI/LogoJeuUnity 1.png using Guid(7584bcb4ef618d1498cb95d76a44b634) Importer(815301076,1909f56bfc062723c751e8b465ee728b)  -> (artifact id: '01391a24a5d83a604e5a6a03a8984cd9') in 0.013809 seconds
  Import took 0.018360 seconds .

========================================================================
Received Import Request.
  Time since last request: 3.535750 seconds.
  path: Assets/Import/UI/LogoJeuUnity 1.png
  artifactKey: Guid(7584bcb4ef618d1498cb95d76a44b634) Importer(815301076,1909f56bfc062723c751e8b465ee728b)
Start importing Assets/Import/UI/LogoJeuUnity 1.png using Guid(7584bcb4ef618d1498cb95d76a44b634) Importer(815301076,1909f56bfc062723c751e8b465ee728b)  -> (artifact id: '394f539ac375ba23692ced2e3f54524f') in 0.018201 seconds
  Import took 0.022648 seconds .

========================================================================
Received Import Request.
  Time since last request: 10.694696 seconds.
  path: Assets/Import/UI/LogoJeuUnity.png
  artifactKey: Guid(7584bcb4ef618d1498cb95d76a44b634) Importer(815301076,1909f56bfc062723c751e8b465ee728b)
Start importing Assets/Import/UI/LogoJeuUnity.png using Guid(7584bcb4ef618d1498cb95d76a44b634) Importer(815301076,1909f56bfc062723c751e8b465ee728b)  -> (artifact id: '92ad4627ec87b1f7ebf7db98b1510360') in 0.012750 seconds
  Import took 0.017050 seconds .

========================================================================
Received Import Request.
  Time since last request: 64.728835 seconds.
  path: Assets/Import/UI/LogoJeuUnity 1.png
  artifactKey: Guid(7f858feebfb5e084db5c8283386de941) Importer(815301076,1909f56bfc062723c751e8b465ee728b)
Start importing Assets/Import/UI/LogoJeuUnity 1.png using Guid(7f858feebfb5e084db5c8283386de941) Importer(815301076,1909f56bfc062723c751e8b465ee728b)  -> (artifact id: 'bfe7494cd0cd7d43d728260c40ee7389') in 0.012200 seconds
  Import took 0.016397 seconds .

========================================================================
Received Import Request.
  Time since last request: 7.371237 seconds.
  path: Assets/Import/UI/LogoJeuUnity.png
  artifactKey: Guid(7f858feebfb5e084db5c8283386de941) Importer(815301076,1909f56bfc062723c751e8b465ee728b)
Start importing Assets/Import/UI/LogoJeuUnity.png using Guid(7f858feebfb5e084db5c8283386de941) Importer(815301076,1909f56bfc062723c751e8b465ee728b)  -> (artifact id: 'ba795b453bb25042492a4c18f3379a77') in 0.021668 seconds
  Import took 0.025916 seconds .

========================================================================
Received Import Request.
  Time since last request: 3.847292 seconds.
  path: Assets/Import/UI/LogoJeuUnity.png
  artifactKey: Guid(7f858feebfb5e084db5c8283386de941) Importer(815301076,1909f56bfc062723c751e8b465ee728b)
Start importing Assets/Import/UI/LogoJeuUnity.png using Guid(7f858feebfb5e084db5c8283386de941) Importer(815301076,1909f56bfc062723c751e8b465ee728b)  -> (artifact id: '3df95c555b4e6188826a526aaea44bd8') in 0.018524 seconds
  Import took 0.022542 seconds .

========================================================================
Received Import Request.
  Time since last request: 273.487768 seconds.
  path: Assets/Import/UI/LogoJeu 1.png
  artifactKey: Guid(787ad6f147825bb4cb250fb1e853d3fe) Importer(815301076,1909f56bfc062723c751e8b465ee728b)
Start importing Assets/Import/UI/LogoJeu 1.png using Guid(787ad6f147825bb4cb250fb1e853d3fe) Importer(815301076,1909f56bfc062723c751e8b465ee728b)  -> (artifact id: 'ea120ebed32719883a9db256478afe8e') in 0.020523 seconds
  Import took 0.025095 seconds .

========================================================================
Received Import Request.
  Time since last request: 8.402369 seconds.
  path: Assets/Import/UI/LogoJeu 1.png
  artifactKey: Guid(787ad6f147825bb4cb250fb1e853d3fe) Importer(815301076,1909f56bfc062723c751e8b465ee728b)
Start importing Assets/Import/UI/LogoJeu 1.png using Guid(787ad6f147825bb4cb250fb1e853d3fe) Importer(815301076,1909f56bfc062723c751e8b465ee728b)  -> (artifact id: '020410e56366d374520f771fca8f9522') in 0.016443 seconds
  Import took 0.021093 seconds .

AssetImportWorkerClient::OnTransportError - code=2 error=End of file
